<?xml version="1.0" encoding="UTF-8"?>
<testsuite xmlns:xsi="http://www.w3.org/2001/XMLSchema-instance" xsi:noNamespaceSchemaLocation="https://maven.apache.org/surefire/maven-surefire-plugin/xsd/surefire-test-report-3.0.xsd" version="3.0" name="TestSuite" time="6.862" tests="1" errors="0" skipped="0" failures="0">
  <properties>
    <property name="java.specification.version" value="17"/>
    <property name="sun.jnu.encoding" value="UTF-8"/>
    <property name="java.class.path" value="/home/sanketdhamala/repotest/testing/target/test-classes:/home/sanketdhamala/repotest/testing/target/classes:/home/sanketdhamala/.m2/repository/junit/junit/3.8.1/junit-3.8.1.jar:/home/sanketdhamala/.m2/repository/org/seleniumhq/selenium/selenium-java/4.2.1/selenium-java-4.2.1.jar:/home/sanketdhamala/.m2/repository/org/seleniumhq/selenium/selenium-api/4.2.1/selenium-api-4.2.1.jar:/home/sanketdhamala/.m2/repository/org/seleniumhq/selenium/selenium-chrome-driver/4.2.1/selenium-chrome-driver-4.2.1.jar:/home/sanketdhamala/.m2/repository/com/google/auto/service/auto-service-annotations/1.0.1/auto-service-annotations-1.0.1.jar:/home/sanketdhamala/.m2/repository/com/google/auto/service/auto-service/1.0.1/auto-service-1.0.1.jar:/home/sanketdhamala/.m2/repository/com/google/auto/auto-common/1.2/auto-common-1.2.jar:/home/sanketdhamala/.m2/repository/com/google/guava/guava/31.1-jre/guava-31.1-jre.jar:/home/sanketdhamala/.m2/repository/com/google/guava/failureaccess/1.0.1/failureaccess-1.0.1.jar:/home/sanketdhamala/.m2/repository/com/google/guava/listenablefuture/9999.0-empty-to-avoid-conflict-with-guava/listenablefuture-9999.0-empty-to-avoid-conflict-with-guava.jar:/home/sanketdhamala/.m2/repository/com/google/errorprone/error_prone_annotations/2.11.0/error_prone_annotations-2.11.0.jar:/home/sanketdhamala/.m2/repository/com/google/j2objc/j2objc-annotations/1.3/j2objc-annotations-1.3.jar:/home/sanketdhamala/.m2/repository/org/seleniumhq/selenium/selenium-chromium-driver/4.2.1/selenium-chromium-driver-4.2.1.jar:/home/sanketdhamala/.m2/repository/org/seleniumhq/selenium/selenium-json/4.2.1/selenium-json-4.2.1.jar:/home/sanketdhamala/.m2/repository/org/seleniumhq/selenium/selenium-devtools-v100/4.2.1/selenium-devtools-v100-4.2.1.jar:/home/sanketdhamala/.m2/repository/org/seleniumhq/selenium/selenium-devtools-v101/4.2.1/selenium-devtools-v101-4.2.1.jar:/home/sanketdhamala/.m2/repository/org/seleniumhq/selenium/selenium-devtools-v102/4.2.1/selenium-devtools-v102-4.2.1.jar:/home/sanketdhamala/.m2/repository/org/seleniumhq/selenium/selenium-devtools-v85/4.2.1/selenium-devtools-v85-4.2.1.jar:/home/sanketdhamala/.m2/repository/org/seleniumhq/selenium/selenium-edge-driver/4.2.1/selenium-edge-driver-4.2.1.jar:/home/sanketdhamala/.m2/repository/org/seleniumhq/selenium/selenium-firefox-driver/4.2.1/selenium-firefox-driver-4.2.1.jar:/home/sanketdhamala/.m2/repository/org/seleniumhq/selenium/selenium-ie-driver/4.2.1/selenium-ie-driver-4.2.1.jar:/home/sanketdhamala/.m2/repository/org/seleniumhq/selenium/selenium-opera-driver/4.2.1/selenium-opera-driver-4.2.1.jar:/home/sanketdhamala/.m2/repository/org/seleniumhq/selenium/selenium-remote-driver/4.2.1/selenium-remote-driver-4.2.1.jar:/home/sanketdhamala/.m2/repository/io/netty/netty-buffer/4.1.77.Final/netty-buffer-4.1.77.Final.jar:/home/sanketdhamala/.m2/repository/io/netty/netty-codec-http/4.1.77.Final/netty-codec-http-4.1.77.Final.jar:/home/sanketdhamala/.m2/repository/io/netty/netty-codec/4.1.77.Final/netty-codec-4.1.77.Final.jar:/home/sanketdhamala/.m2/repository/io/netty/netty-handler/4.1.77.Final/netty-handler-4.1.77.Final.jar:/home/sanketdhamala/.m2/repository/io/netty/netty-common/4.1.77.Final/netty-common-4.1.77.Final.jar:/home/sanketdhamala/.m2/repository/io/netty/netty-transport-classes-epoll/4.1.77.Final/netty-transport-classes-epoll-4.1.77.Final.jar:/home/sanketdhamala/.m2/repository/io/netty/netty-transport-classes-kqueue/4.1.77.Final/netty-transport-classes-kqueue-4.1.77.Final.jar:/home/sanketdhamala/.m2/repository/io/netty/netty-transport-native-epoll/4.1.77.Final/netty-transport-native-epoll-4.1.77.Final.jar:/home/sanketdhamala/.m2/repository/io/netty/netty-transport-native-kqueue/4.1.77.Final/netty-transport-native-kqueue-4.1.77.Final.jar:/home/sanketdhamala/.m2/repository/io/netty/netty-transport-native-unix-common/4.1.77.Final/netty-transport-native-unix-common-4.1.77.Final.jar:/home/sanketdhamala/.m2/repository/io/netty/netty-transport/4.1.77.Final/netty-transport-4.1.77.Final.jar:/home/sanketdhamala/.m2/repository/io/netty/netty-resolver/4.1.77.Final/netty-resolver-4.1.77.Final.jar:/home/sanketdhamala/.m2/repository/io/opentelemetry/opentelemetry-api/1.14.0/opentelemetry-api-1.14.0.jar:/home/sanketdhamala/.m2/repository/io/opentelemetry/opentelemetry-context/1.14.0/opentelemetry-context-1.14.0.jar:/home/sanketdhamala/.m2/repository/io/opentelemetry/opentelemetry-exporter-logging/1.14.0/opentelemetry-exporter-logging-1.14.0.jar:/home/sanketdhamala/.m2/repository/io/opentelemetry/opentelemetry-sdk-metrics/1.14.0/opentelemetry-sdk-metrics-1.14.0.jar:/home/sanketdhamala/.m2/repository/io/opentelemetry/opentelemetry-sdk-logs/1.14.0-alpha/opentelemetry-sdk-logs-1.14.0-alpha.jar:/home/sanketdhamala/.m2/repository/io/opentelemetry/opentelemetry-sdk-common/1.14.0/opentelemetry-sdk-common-1.14.0.jar:/home/sanketdhamala/.m2/repository/io/opentelemetry/opentelemetry-sdk-extension-autoconfigure-spi/1.14.0/opentelemetry-sdk-extension-autoconfigure-spi-1.14.0.jar:/home/sanketdhamala/.m2/repository/io/opentelemetry/opentelemetry-sdk-extension-autoconfigure/1.14.0-alpha/opentelemetry-sdk-extension-autoconfigure-1.14.0-alpha.jar:/home/sanketdhamala/.m2/repository/io/opentelemetry/opentelemetry-sdk-trace/1.14.0/opentelemetry-sdk-trace-1.14.0.jar:/home/sanketdhamala/.m2/repository/io/opentelemetry/opentelemetry-sdk/1.14.0/opentelemetry-sdk-1.14.0.jar:/home/sanketdhamala/.m2/repository/io/opentelemetry/opentelemetry-semconv/1.14.0-alpha/opentelemetry-semconv-1.14.0-alpha.jar:/home/sanketdhamala/.m2/repository/io/ous/jtoml/2.0.0/jtoml-2.0.0.jar:/home/sanketdhamala/.m2/repository/net/bytebuddy/byte-buddy/1.12.10/byte-buddy-1.12.10.jar:/home/sanketdhamala/.m2/repository/org/apache/commons/commons-exec/1.3/commons-exec-1.3.jar:/home/sanketdhamala/.m2/repository/org/asynchttpclient/async-http-client/2.12.3/async-http-client-2.12.3.jar:/home/sanketdhamala/.m2/repository/org/asynchttpclient/async-http-client-netty-utils/2.12.3/async-http-client-netty-utils-2.12.3.jar:/home/sanketdhamala/.m2/repository/io/netty/netty-codec-socks/4.1.60.Final/netty-codec-socks-4.1.60.Final.jar:/home/sanketdhamala/.m2/repository/io/netty/netty-handler-proxy/4.1.60.Final/netty-handler-proxy-4.1.60.Final.jar:/home/sanketdhamala/.m2/repository/io/netty/netty-transport-native-epoll/4.1.60.Final/netty-transport-native-epoll-4.1.60.Final-linux-x86_64.jar:/home/sanketdhamala/.m2/repository/io/netty/netty-transport-native-kqueue/4.1.60.Final/netty-transport-native-kqueue-4.1.60.Final-osx-x86_64.jar:/home/sanketdhamala/.m2/repository/org/reactivestreams/reactive-streams/1.0.3/reactive-streams-1.0.3.jar:/home/sanketdhamala/.m2/repository/com/typesafe/netty/netty-reactive-streams/2.0.4/netty-reactive-streams-2.0.4.jar:/home/sanketdhamala/.m2/repository/com/sun/activation/jakarta.activation/1.2.2/jakarta.activation-1.2.2.jar:/home/sanketdhamala/.m2/repository/org/seleniumhq/selenium/selenium-http/4.2.1/selenium-http-4.2.1.jar:/home/sanketdhamala/.m2/repository/dev/failsafe/failsafe/3.2.4/failsafe-3.2.4.jar:/home/sanketdhamala/.m2/repository/org/seleniumhq/selenium/selenium-safari-driver/4.2.1/selenium-safari-driver-4.2.1.jar:/home/sanketdhamala/.m2/repository/org/seleniumhq/selenium/selenium-support/4.2.1/selenium-support-4.2.1.jar:/home/sanketdhamala/.m2/repository/org/testng/testng/7.6.0/testng-7.6.0.jar:/home/sanketdhamala/.m2/repository/com/google/code/findbugs/jsr305/3.0.2/jsr305-3.0.2.jar:/home/sanketdhamala/.m2/repository/org/slf4j/slf4j-api/1.7.36/slf4j-api-1.7.36.jar:/home/sanketdhamala/.m2/repository/com/beust/jcommander/1.82/jcommander-1.82.jar:/home/sanketdhamala/.m2/repository/org/webjars/jquery/3.6.0/jquery-3.6.0.jar:/home/sanketdhamala/.m2/repository/io/github/bonigarcia/webdrivermanager/5.7.0/webdrivermanager-5.7.0.jar:/home/sanketdhamala/.m2/repository/com/google/code/gson/gson/2.10.1/gson-2.10.1.jar:/home/sanketdhamala/.m2/repository/com/github/docker-java/docker-java/3.3.5/docker-java-3.3.5.jar:/home/sanketdhamala/.m2/repository/com/github/docker-java/docker-java-core/3.3.5/docker-java-core-3.3.5.jar:/home/sanketdhamala/.m2/repository/com/github/docker-java/docker-java-api/3.3.5/docker-java-api-3.3.5.jar:/home/sanketdhamala/.m2/repository/com/fasterxml/jackson/core/jackson-annotations/2.10.3/jackson-annotations-2.10.3.jar:/home/sanketdhamala/.m2/repository/com/fasterxml/jackson/core/jackson-databind/2.10.3/jackson-databind-2.10.3.jar:/home/sanketdhamala/.m2/repository/com/fasterxml/jackson/core/jackson-core/2.10.3/jackson-core-2.10.3.jar:/home/sanketdhamala/.m2/repository/org/bouncycastle/bcpkix-jdk18on/1.76/bcpkix-jdk18on-1.76.jar:/home/sanketdhamala/.m2/repository/org/bouncycastle/bcprov-jdk18on/1.76/bcprov-jdk18on-1.76.jar:/home/sanketdhamala/.m2/repository/org/bouncycastle/bcutil-jdk18on/1.76/bcutil-jdk18on-1.76.jar:/home/sanketdhamala/.m2/repository/org/slf4j/jcl-over-slf4j/1.7.30/jcl-over-slf4j-1.7.30.jar:/home/sanketdhamala/.m2/repository/com/github/docker-java/docker-java-transport-httpclient5/3.3.5/docker-java-transport-httpclient5-3.3.5.jar:/home/sanketdhamala/.m2/repository/com/github/docker-java/docker-java-transport/3.3.5/docker-java-transport-3.3.5.jar:/home/sanketdhamala/.m2/repository/net/java/dev/jna/jna/5.13.0/jna-5.13.0.jar:/home/sanketdhamala/.m2/repository/org/brotli/dec/0.1.2/dec-0.1.2.jar:/home/sanketdhamala/.m2/repository/org/apache/commons/commons-lang3/3.14.0/commons-lang3-3.14.0.jar:/home/sanketdhamala/.m2/repository/org/apache/commons/commons-compress/1.26.0/commons-compress-1.26.0.jar:/home/sanketdhamala/.m2/repository/commons-io/commons-io/2.15.1/commons-io-2.15.1.jar:/home/sanketdhamala/.m2/repository/org/apache/httpcomponents/client5/httpclient5/5.2.1/httpclient5-5.2.1.jar:/home/sanketdhamala/.m2/repository/org/apache/httpcomponents/core5/httpcore5/5.2/httpcore5-5.2.jar:/home/sanketdhamala/.m2/repository/org/apache/httpcomponents/core5/httpcore5-h2/5.2/httpcore5-h2-5.2.jar:/home/sanketdhamala/.m2/repository/org/apache/logging/log4j/log4j-api/2.13.0/log4j-api-2.13.0.jar:/home/sanketdhamala/.m2/repository/org/apache/logging/log4j/log4j-core/2.13.0/log4j-core-2.13.0.jar:/home/sanketdhamala/.m2/repository/org/projectlombok/lombok/1.18.36/lombok-1.18.36.jar:/home/sanketdhamala/.m2/repository/org/postgresql/postgresql/42.7.1/postgresql-42.7.1.jar:/home/sanketdhamala/.m2/repository/org/checkerframework/checker-qual/3.41.0/checker-qual-3.41.0.jar:/home/sanketdhamala/.m2/repository/io/rest-assured/rest-assured/5.3.1/rest-assured-5.3.1.jar:/home/sanketdhamala/.m2/repository/org/apache/groovy/groovy/4.0.11/groovy-4.0.11.jar:/home/sanketdhamala/.m2/repository/org/apache/groovy/groovy-xml/4.0.11/groovy-xml-4.0.11.jar:/home/sanketdhamala/.m2/repository/org/apache/httpcomponents/httpclient/4.5.13/httpclient-4.5.13.jar:/home/sanketdhamala/.m2/repository/org/apache/httpcomponents/httpcore/4.4.13/httpcore-4.4.13.jar:/home/sanketdhamala/.m2/repository/commons-logging/commons-logging/1.2/commons-logging-1.2.jar:/home/sanketdhamala/.m2/repository/commons-codec/commons-codec/1.11/commons-codec-1.11.jar:/home/sanketdhamala/.m2/repository/org/apache/httpcomponents/httpmime/4.5.13/httpmime-4.5.13.jar:/home/sanketdhamala/.m2/repository/org/hamcrest/hamcrest/2.2/hamcrest-2.2.jar:/home/sanketdhamala/.m2/repository/org/ccil/cowan/tagsoup/tagsoup/1.2.1/tagsoup-1.2.1.jar:/home/sanketdhamala/.m2/repository/io/rest-assured/json-path/5.3.1/json-path-5.3.1.jar:/home/sanketdhamala/.m2/repository/org/apache/groovy/groovy-json/4.0.11/groovy-json-4.0.11.jar:/home/sanketdhamala/.m2/repository/io/rest-assured/rest-assured-common/5.3.1/rest-assured-common-5.3.1.jar:/home/sanketdhamala/.m2/repository/io/rest-assured/xml-path/5.3.1/xml-path-5.3.1.jar:"/>
    <property name="java.vm.vendor" value="Oracle Corporation"/>
    <property name="sun.arch.data.model" value="64"/>
    <property name="java.vendor.url" value="https://java.oracle.com/"/>
    <property name="user.timezone" value="America/New_York"/>
    <property name="org.apache.logging.log4j.assignedSequences" value="4215"/>
    <property name="os.name" value="Linux"/>
    <property name="java.vm.specification.version" value="17"/>
    <property name="sun.java.launcher" value="SUN_STANDARD"/>
    <property name="user.country" value="US"/>
    <property name="sun.boot.library.path" value="/usr/lib/jvm/jdk-17-oracle-x64/lib"/>
    <property name="sun.java.command" value="/home/sanketdhamala/repotest/testing/target/surefire/surefirebooter-20250713183139787_3.jar /home/sanketdhamala/repotest/testing/target/surefire 2025-07-13T18-31-39_593-jvmRun1 surefire-20250713183139787_1tmp surefire_0-20250713183139787_2tmp"/>
    <property name="jdk.debug" value="release"/>
    <property name="surefire.test.class.path" value="/home/sanketdhamala/repotest/testing/target/test-classes:/home/sanketdhamala/repotest/testing/target/classes:/home/sanketdhamala/.m2/repository/junit/junit/3.8.1/junit-3.8.1.jar:/home/sanketdhamala/.m2/repository/org/seleniumhq/selenium/selenium-java/4.2.1/selenium-java-4.2.1.jar:/home/sanketdhamala/.m2/repository/org/seleniumhq/selenium/selenium-api/4.2.1/selenium-api-4.2.1.jar:/home/sanketdhamala/.m2/repository/org/seleniumhq/selenium/selenium-chrome-driver/4.2.1/selenium-chrome-driver-4.2.1.jar:/home/sanketdhamala/.m2/repository/com/google/auto/service/auto-service-annotations/1.0.1/auto-service-annotations-1.0.1.jar:/home/sanketdhamala/.m2/repository/com/google/auto/service/auto-service/1.0.1/auto-service-1.0.1.jar:/home/sanketdhamala/.m2/repository/com/google/auto/auto-common/1.2/auto-common-1.2.jar:/home/sanketdhamala/.m2/repository/com/google/guava/guava/31.1-jre/guava-31.1-jre.jar:/home/sanketdhamala/.m2/repository/com/google/guava/failureaccess/1.0.1/failureaccess-1.0.1.jar:/home/sanketdhamala/.m2/repository/com/google/guava/listenablefuture/9999.0-empty-to-avoid-conflict-with-guava/listenablefuture-9999.0-empty-to-avoid-conflict-with-guava.jar:/home/sanketdhamala/.m2/repository/com/google/errorprone/error_prone_annotations/2.11.0/error_prone_annotations-2.11.0.jar:/home/sanketdhamala/.m2/repository/com/google/j2objc/j2objc-annotations/1.3/j2objc-annotations-1.3.jar:/home/sanketdhamala/.m2/repository/org/seleniumhq/selenium/selenium-chromium-driver/4.2.1/selenium-chromium-driver-4.2.1.jar:/home/sanketdhamala/.m2/repository/org/seleniumhq/selenium/selenium-json/4.2.1/selenium-json-4.2.1.jar:/home/sanketdhamala/.m2/repository/org/seleniumhq/selenium/selenium-devtools-v100/4.2.1/selenium-devtools-v100-4.2.1.jar:/home/sanketdhamala/.m2/repository/org/seleniumhq/selenium/selenium-devtools-v101/4.2.1/selenium-devtools-v101-4.2.1.jar:/home/sanketdhamala/.m2/repository/org/seleniumhq/selenium/selenium-devtools-v102/4.2.1/selenium-devtools-v102-4.2.1.jar:/home/sanketdhamala/.m2/repository/org/seleniumhq/selenium/selenium-devtools-v85/4.2.1/selenium-devtools-v85-4.2.1.jar:/home/sanketdhamala/.m2/repository/org/seleniumhq/selenium/selenium-edge-driver/4.2.1/selenium-edge-driver-4.2.1.jar:/home/sanketdhamala/.m2/repository/org/seleniumhq/selenium/selenium-firefox-driver/4.2.1/selenium-firefox-driver-4.2.1.jar:/home/sanketdhamala/.m2/repository/org/seleniumhq/selenium/selenium-ie-driver/4.2.1/selenium-ie-driver-4.2.1.jar:/home/sanketdhamala/.m2/repository/org/seleniumhq/selenium/selenium-opera-driver/4.2.1/selenium-opera-driver-4.2.1.jar:/home/sanketdhamala/.m2/repository/org/seleniumhq/selenium/selenium-remote-driver/4.2.1/selenium-remote-driver-4.2.1.jar:/home/sanketdhamala/.m2/repository/io/netty/netty-buffer/4.1.77.Final/netty-buffer-4.1.77.Final.jar:/home/sanketdhamala/.m2/repository/io/netty/netty-codec-http/4.1.77.Final/netty-codec-http-4.1.77.Final.jar:/home/sanketdhamala/.m2/repository/io/netty/netty-codec/4.1.77.Final/netty-codec-4.1.77.Final.jar:/home/sanketdhamala/.m2/repository/io/netty/netty-handler/4.1.77.Final/netty-handler-4.1.77.Final.jar:/home/sanketdhamala/.m2/repository/io/netty/netty-common/4.1.77.Final/netty-common-4.1.77.Final.jar:/home/sanketdhamala/.m2/repository/io/netty/netty-transport-classes-epoll/4.1.77.Final/netty-transport-classes-epoll-4.1.77.Final.jar:/home/sanketdhamala/.m2/repository/io/netty/netty-transport-classes-kqueue/4.1.77.Final/netty-transport-classes-kqueue-4.1.77.Final.jar:/home/sanketdhamala/.m2/repository/io/netty/netty-transport-native-epoll/4.1.77.Final/netty-transport-native-epoll-4.1.77.Final.jar:/home/sanketdhamala/.m2/repository/io/netty/netty-transport-native-kqueue/4.1.77.Final/netty-transport-native-kqueue-4.1.77.Final.jar:/home/sanketdhamala/.m2/repository/io/netty/netty-transport-native-unix-common/4.1.77.Final/netty-transport-native-unix-common-4.1.77.Final.jar:/home/sanketdhamala/.m2/repository/io/netty/netty-transport/4.1.77.Final/netty-transport-4.1.77.Final.jar:/home/sanketdhamala/.m2/repository/io/netty/netty-resolver/4.1.77.Final/netty-resolver-4.1.77.Final.jar:/home/sanketdhamala/.m2/repository/io/opentelemetry/opentelemetry-api/1.14.0/opentelemetry-api-1.14.0.jar:/home/sanketdhamala/.m2/repository/io/opentelemetry/opentelemetry-context/1.14.0/opentelemetry-context-1.14.0.jar:/home/sanketdhamala/.m2/repository/io/opentelemetry/opentelemetry-exporter-logging/1.14.0/opentelemetry-exporter-logging-1.14.0.jar:/home/sanketdhamala/.m2/repository/io/opentelemetry/opentelemetry-sdk-metrics/1.14.0/opentelemetry-sdk-metrics-1.14.0.jar:/home/sanketdhamala/.m2/repository/io/opentelemetry/opentelemetry-sdk-logs/1.14.0-alpha/opentelemetry-sdk-logs-1.14.0-alpha.jar:/home/sanketdhamala/.m2/repository/io/opentelemetry/opentelemetry-sdk-common/1.14.0/opentelemetry-sdk-common-1.14.0.jar:/home/sanketdhamala/.m2/repository/io/opentelemetry/opentelemetry-sdk-extension-autoconfigure-spi/1.14.0/opentelemetry-sdk-extension-autoconfigure-spi-1.14.0.jar:/home/sanketdhamala/.m2/repository/io/opentelemetry/opentelemetry-sdk-extension-autoconfigure/1.14.0-alpha/opentelemetry-sdk-extension-autoconfigure-1.14.0-alpha.jar:/home/sanketdhamala/.m2/repository/io/opentelemetry/opentelemetry-sdk-trace/1.14.0/opentelemetry-sdk-trace-1.14.0.jar:/home/sanketdhamala/.m2/repository/io/opentelemetry/opentelemetry-sdk/1.14.0/opentelemetry-sdk-1.14.0.jar:/home/sanketdhamala/.m2/repository/io/opentelemetry/opentelemetry-semconv/1.14.0-alpha/opentelemetry-semconv-1.14.0-alpha.jar:/home/sanketdhamala/.m2/repository/io/ous/jtoml/2.0.0/jtoml-2.0.0.jar:/home/sanketdhamala/.m2/repository/net/bytebuddy/byte-buddy/1.12.10/byte-buddy-1.12.10.jar:/home/sanketdhamala/.m2/repository/org/apache/commons/commons-exec/1.3/commons-exec-1.3.jar:/home/sanketdhamala/.m2/repository/org/asynchttpclient/async-http-client/2.12.3/async-http-client-2.12.3.jar:/home/sanketdhamala/.m2/repository/org/asynchttpclient/async-http-client-netty-utils/2.12.3/async-http-client-netty-utils-2.12.3.jar:/home/sanketdhamala/.m2/repository/io/netty/netty-codec-socks/4.1.60.Final/netty-codec-socks-4.1.60.Final.jar:/home/sanketdhamala/.m2/repository/io/netty/netty-handler-proxy/4.1.60.Final/netty-handler-proxy-4.1.60.Final.jar:/home/sanketdhamala/.m2/repository/io/netty/netty-transport-native-epoll/4.1.60.Final/netty-transport-native-epoll-4.1.60.Final-linux-x86_64.jar:/home/sanketdhamala/.m2/repository/io/netty/netty-transport-native-kqueue/4.1.60.Final/netty-transport-native-kqueue-4.1.60.Final-osx-x86_64.jar:/home/sanketdhamala/.m2/repository/org/reactivestreams/reactive-streams/1.0.3/reactive-streams-1.0.3.jar:/home/sanketdhamala/.m2/repository/com/typesafe/netty/netty-reactive-streams/2.0.4/netty-reactive-streams-2.0.4.jar:/home/sanketdhamala/.m2/repository/com/sun/activation/jakarta.activation/1.2.2/jakarta.activation-1.2.2.jar:/home/sanketdhamala/.m2/repository/org/seleniumhq/selenium/selenium-http/4.2.1/selenium-http-4.2.1.jar:/home/sanketdhamala/.m2/repository/dev/failsafe/failsafe/3.2.4/failsafe-3.2.4.jar:/home/sanketdhamala/.m2/repository/org/seleniumhq/selenium/selenium-safari-driver/4.2.1/selenium-safari-driver-4.2.1.jar:/home/sanketdhamala/.m2/repository/org/seleniumhq/selenium/selenium-support/4.2.1/selenium-support-4.2.1.jar:/home/sanketdhamala/.m2/repository/org/testng/testng/7.6.0/testng-7.6.0.jar:/home/sanketdhamala/.m2/repository/com/google/code/findbugs/jsr305/3.0.2/jsr305-3.0.2.jar:/home/sanketdhamala/.m2/repository/org/slf4j/slf4j-api/1.7.36/slf4j-api-1.7.36.jar:/home/sanketdhamala/.m2/repository/com/beust/jcommander/1.82/jcommander-1.82.jar:/home/sanketdhamala/.m2/repository/org/webjars/jquery/3.6.0/jquery-3.6.0.jar:/home/sanketdhamala/.m2/repository/io/github/bonigarcia/webdrivermanager/5.7.0/webdrivermanager-5.7.0.jar:/home/sanketdhamala/.m2/repository/com/google/code/gson/gson/2.10.1/gson-2.10.1.jar:/home/sanketdhamala/.m2/repository/com/github/docker-java/docker-java/3.3.5/docker-java-3.3.5.jar:/home/sanketdhamala/.m2/repository/com/github/docker-java/docker-java-core/3.3.5/docker-java-core-3.3.5.jar:/home/sanketdhamala/.m2/repository/com/github/docker-java/docker-java-api/3.3.5/docker-java-api-3.3.5.jar:/home/sanketdhamala/.m2/repository/com/fasterxml/jackson/core/jackson-annotations/2.10.3/jackson-annotations-2.10.3.jar:/home/sanketdhamala/.m2/repository/com/fasterxml/jackson/core/jackson-databind/2.10.3/jackson-databind-2.10.3.jar:/home/sanketdhamala/.m2/repository/com/fasterxml/jackson/core/jackson-core/2.10.3/jackson-core-2.10.3.jar:/home/sanketdhamala/.m2/repository/org/bouncycastle/bcpkix-jdk18on/1.76/bcpkix-jdk18on-1.76.jar:/home/sanketdhamala/.m2/repository/org/bouncycastle/bcprov-jdk18on/1.76/bcprov-jdk18on-1.76.jar:/home/sanketdhamala/.m2/repository/org/bouncycastle/bcutil-jdk18on/1.76/bcutil-jdk18on-1.76.jar:/home/sanketdhamala/.m2/repository/org/slf4j/jcl-over-slf4j/1.7.30/jcl-over-slf4j-1.7.30.jar:/home/sanketdhamala/.m2/repository/com/github/docker-java/docker-java-transport-httpclient5/3.3.5/docker-java-transport-httpclient5-3.3.5.jar:/home/sanketdhamala/.m2/repository/com/github/docker-java/docker-java-transport/3.3.5/docker-java-transport-3.3.5.jar:/home/sanketdhamala/.m2/repository/net/java/dev/jna/jna/5.13.0/jna-5.13.0.jar:/home/sanketdhamala/.m2/repository/org/brotli/dec/0.1.2/dec-0.1.2.jar:/home/sanketdhamala/.m2/repository/org/apache/commons/commons-lang3/3.14.0/commons-lang3-3.14.0.jar:/home/sanketdhamala/.m2/repository/org/apache/commons/commons-compress/1.26.0/commons-compress-1.26.0.jar:/home/sanketdhamala/.m2/repository/commons-io/commons-io/2.15.1/commons-io-2.15.1.jar:/home/sanketdhamala/.m2/repository/org/apache/httpcomponents/client5/httpclient5/5.2.1/httpclient5-5.2.1.jar:/home/sanketdhamala/.m2/repository/org/apache/httpcomponents/core5/httpcore5/5.2/httpcore5-5.2.jar:/home/sanketdhamala/.m2/repository/org/apache/httpcomponents/core5/httpcore5-h2/5.2/httpcore5-h2-5.2.jar:/home/sanketdhamala/.m2/repository/org/apache/logging/log4j/log4j-api/2.13.0/log4j-api-2.13.0.jar:/home/sanketdhamala/.m2/repository/org/apache/logging/log4j/log4j-core/2.13.0/log4j-core-2.13.0.jar:/home/sanketdhamala/.m2/repository/org/projectlombok/lombok/1.18.36/lombok-1.18.36.jar:/home/sanketdhamala/.m2/repository/org/postgresql/postgresql/42.7.1/postgresql-42.7.1.jar:/home/sanketdhamala/.m2/repository/org/checkerframework/checker-qual/3.41.0/checker-qual-3.41.0.jar:/home/sanketdhamala/.m2/repository/io/rest-assured/rest-assured/5.3.1/rest-assured-5.3.1.jar:/home/sanketdhamala/.m2/repository/org/apache/groovy/groovy/4.0.11/groovy-4.0.11.jar:/home/sanketdhamala/.m2/repository/org/apache/groovy/groovy-xml/4.0.11/groovy-xml-4.0.11.jar:/home/sanketdhamala/.m2/repository/org/apache/httpcomponents/httpclient/4.5.13/httpclient-4.5.13.jar:/home/sanketdhamala/.m2/repository/org/apache/httpcomponents/httpcore/4.4.13/httpcore-4.4.13.jar:/home/sanketdhamala/.m2/repository/commons-logging/commons-logging/1.2/commons-logging-1.2.jar:/home/sanketdhamala/.m2/repository/commons-codec/commons-codec/1.11/commons-codec-1.11.jar:/home/sanketdhamala/.m2/repository/org/apache/httpcomponents/httpmime/4.5.13/httpmime-4.5.13.jar:/home/sanketdhamala/.m2/repository/org/hamcrest/hamcrest/2.2/hamcrest-2.2.jar:/home/sanketdhamala/.m2/repository/org/ccil/cowan/tagsoup/tagsoup/1.2.1/tagsoup-1.2.1.jar:/home/sanketdhamala/.m2/repository/io/rest-assured/json-path/5.3.1/json-path-5.3.1.jar:/home/sanketdhamala/.m2/repository/org/apache/groovy/groovy-json/4.0.11/groovy-json-4.0.11.jar:/home/sanketdhamala/.m2/repository/io/rest-assured/rest-assured-common/5.3.1/rest-assured-common-5.3.1.jar:/home/sanketdhamala/.m2/repository/io/rest-assured/xml-path/5.3.1/xml-path-5.3.1.jar:"/>
    <property name="sun.cpu.endian" value="little"/>
    <property name="user.home" value="/home/sanketdhamala"/>
    <property name="user.language" value="en"/>
    <property name="java.specification.vendor" value="Oracle Corporation"/>
    <property name="java.version.date" value="2023-10-17"/>
    <property name="java.home" value="/usr/lib/jvm/jdk-17-oracle-x64"/>
    <property name="file.separator" value="/"/>
    <property name="basedir" value="/home/sanketdhamala/repotest/testing"/>
    <property name="java.vm.compressedOopsMode" value="Zero based"/>
    <property name="line.separator" value="&#10;"/>
    <property name="java.vm.specification.vendor" value="Oracle Corporation"/>
    <property name="java.specification.name" value="Java Platform API Specification"/>
    <property name="surefire.real.class.path" value="/home/sanketdhamala/repotest/testing/target/surefire/surefirebooter-20250713183139787_3.jar"/>
    <property name="sun.management.compiler" value="HotSpot 64-Bit Tiered Compilers"/>
    <property name="java.runtime.version" value="17.0.9+11-LTS-201"/>
    <property name="user.name" value="sanketdhamala"/>
    <property name="path.separator" value=":"/>
    <property name="os.version" value="6.5.12-100.fc37.x86_64"/>
    <property name="java.runtime.name" value="Java(TM) SE Runtime Environment"/>
    <property name="file.encoding" value="UTF-8"/>
    <property name="java.vm.name" value="Java HotSpot(TM) 64-Bit Server VM"/>
    <property name="localRepository" value="/home/sanketdhamala/.m2/repository"/>
    <property name="java.vendor.url.bug" value="https://bugreport.java.com/bugreport/"/>
    <property name="java.io.tmpdir" value="/tmp"/>
    <property name="java.version" value="17.0.9"/>
    <property name="user.dir" value="/home/sanketdhamala/repotest/testing"/>
    <property name="os.arch" value="amd64"/>
    <property name="java.vm.specification.name" value="Java Virtual Machine Specification"/>
    <property name="native.encoding" value="UTF-8"/>
    <property name="java.library.path" value="/usr/java/packages/lib:/usr/lib64:/lib64:/lib:/usr/lib"/>
    <property name="java.vm.info" value="mixed mode, sharing"/>
    <property name="java.vendor" value="Oracle Corporation"/>
    <property name="java.vm.version" value="17.0.9+11-LTS-201"/>
    <property name="sun.io.unicode.encoding" value="UnicodeLittle"/>
    <property name="java.class.version" value="61.0"/>
  </properties>
  <testcase name="validateUserData" classname="costar.testing.api.tests.CoStarApiTests" time="4.199">
    <system-out><![CDATA[18:31:47.000 [main] INFO   - Json for field data = {"data":{"id":2,"email":"janet.weaver@reqres.in","first_name":"Janet","last_name":"Weaver","avatar":"https://reqres.in/img/faces/2-image.jpg"},"support":{"url":"https://contentcaddy.io?utm_source=reqres&utm_medium=json&utm_campaign=referral","text":"Tired of writing endless social media content? Let Content Caddy generate it for you."}}
18:31:47.031 [main] INFO   - Json for field data = {
  "id" : 2,
  "email" : "janet.weaver@reqres.in",
  "first_name" : "Janet",
  "last_name" : "Weaver",
  "avatar" : "https://reqres.in/img/faces/2-image.jpg"
}
18:31:47.070 [main] INFO   - Json exatracted from file /home/sanketdhamala/repotest/testing/src/test/resources/expected_user.json = {
  "id" : 2,
  "email" : "janet.weaver@reqres.in",
  "first_name" : "Janet",
  "last_name" : "Weaver",
  "avatar" : "https://reqres.in/img/faces/2-image.jpg"
}
]]></system-out>
    <system-err><![CDATA[SLF4J: Failed to load class "org.slf4j.impl.StaticLoggerBinder".
SLF4J: Defaulting to no-operation (NOP) logger implementation
SLF4J: See http://www.slf4j.org/codes.html#StaticLoggerBinder for further details.
]]></system-err>
  </testcase>
</testsuite>