<?xml version="1.0" encoding="UTF-8"?>
<!-- Generated by org.testng.reporters.JUnitReportReporter -->
<testsuite hostname="localhost.localdomain" failures="0" tests="1" name="costar.testing.api.tests.CoStarApiTests" time="1.869" errors="0" timestamp="2025-07-13T19:09:40 EDT" skipped="0">
  <testcase classname="costar.testing.api.tests.CoStarApiTests" name="validateUserData" time="1.869"/>
  <system-out/>
</testsuite> <!-- costar.testing.api.tests.CoStarApiTests -->
